2016-05-19 09:56:33 - Starting C:\Program Files (x86)\nodejs\node.exe --harmony "C:\Users\oconnorjm\AppData\Roaming\npm\node_modules\qckwinsvc\node_modules\node-windows\lib\wrapper.js" -f "C:\birthdayBagels\app.js" -l "birthdayBagels" -g 0.25 -w 1 -r 3 -a n
2016-05-19 09:56:33 - Started 7272
2016-05-19 09:59:50 - Stopping birthdaybagels.exe
2016-05-19 09:59:50 - ProcessKill 7272
2016-05-19 09:59:50 - Finished birthdaybagels.exe
2016-05-19 10:03:21 - Starting C:\Program Files (x86)\nodejs\node.exe --harmony "C:\Users\oconnorjm\AppData\Roaming\npm\node_modules\qckwinsvc\node_modules\node-windows\lib\wrapper.js" -f "C:\birthdayBagels\app.js" -l "birthdayBagels" -g 0.25 -w 1 -r 3 -a n
2016-05-19 10:03:21 - Started 8664
2016-05-19 10:05:08 - Stopping birthdaybagels.exe
2016-05-19 10:05:08 - ProcessKill 8664
2016-05-19 10:05:08 - Finished birthdaybagels.exe
2016-05-19 10:06:00 - Starting C:\Program Files (x86)\nodejs\node.exe --harmony "C:\Users\oconnorjm\AppData\Roaming\npm\node_modules\qckwinsvc\node_modules\node-windows\lib\wrapper.js" -f "C:\birthdayBagels\app.js" -l "birthdayBagels" -g 0.25 -w 1 -r 3 -a n
2016-05-19 10:06:00 - Started 5272
2016-05-19 10:06:26 - Stopping birthdaybagels.exe
2016-05-19 10:06:26 - ProcessKill 5272
2016-05-19 10:06:26 - Finished birthdaybagels.exe
2016-05-19 10:06:47 - Starting C:\Program Files (x86)\nodejs\node.exe --harmony "C:\Users\oconnorjm\AppData\Roaming\npm\node_modules\qckwinsvc\node_modules\node-windows\lib\wrapper.js" -f "C:\birthdayBagels\app.js" -l "birthdayBagels" -g 0.25 -w 1 -r 3 -a n
2016-05-19 10:06:47 - Started 9280
2016-05-19 10:07:34 - Stopping birthdaybagels.exe
2016-05-19 10:07:34 - ProcessKill 9280
2016-05-19 10:07:34 - Finished birthdaybagels.exe
2016-05-19 10:07:42 - Starting C:\Program Files (x86)\nodejs\node.exe --harmony "C:\Users\oconnorjm\AppData\Roaming\npm\node_modules\qckwinsvc\node_modules\node-windows\lib\wrapper.js" -f "C:\birthdayBagels\app.js" -l "birthdayBagels" -g 0.25 -w 1 -r 3 -a n
2016-05-19 10:07:42 - Started 6104
2016-05-19 10:08:48 - Stopping birthdaybagels.exe
2016-05-19 10:08:48 - ProcessKill 6104
2016-05-19 10:08:48 - Finished birthdaybagels.exe
2016-05-19 10:08:53 - Starting C:\Program Files (x86)\nodejs\node.exe --harmony "C:\Users\oconnorjm\AppData\Roaming\npm\node_modules\qckwinsvc\node_modules\node-windows\lib\wrapper.js" -f "C:\birthdayBagels\app.js" -l "birthdayBagels" -g 0.25 -w 1 -r 3 -a n
2016-05-19 10:08:53 - Started 10012
2016-05-19 10:09:46 - Stopping birthdaybagels.exe
2016-05-19 10:09:46 - ProcessKill 10012
2016-05-19 10:09:46 - Finished birthdaybagels.exe
2016-05-19 10:09:47 - Starting C:\Program Files (x86)\nodejs\node.exe --harmony "C:\Users\oconnorjm\AppData\Roaming\npm\node_modules\qckwinsvc\node_modules\node-windows\lib\wrapper.js" -f "C:\birthdayBagels\app.js" -l "birthdayBagels" -g 0.25 -w 1 -r 3 -a n
2016-05-19 10:09:47 - Started 300
2016-05-19 10:11:22 - Stopping birthdaybagels.exe
2016-05-19 10:11:22 - ProcessKill 300
2016-05-19 10:11:22 - Finished birthdaybagels.exe
2016-05-19 10:11:23 - Starting C:\Program Files (x86)\nodejs\node.exe --harmony "C:\Users\oconnorjm\AppData\Roaming\npm\node_modules\qckwinsvc\node_modules\node-windows\lib\wrapper.js" -f "C:\birthdayBagels\app.js" -l "birthdayBagels" -g 0.25 -w 1 -r 3 -a n
2016-05-19 10:11:23 - Started 9508
2016-05-19 16:55:58 - Starting C:\Program Files (x86)\nodejs\node.exe --harmony "C:\Users\oconnorjm\AppData\Roaming\npm\node_modules\qckwinsvc\node_modules\node-windows\lib\wrapper.js" -f "C:\birthdayBagels\app.js" -l "birthdayBagels" -g 0.25 -w 1 -r 3 -a n
2016-05-19 16:55:58 - Started 9208
2016-05-31 15:17:00 - Stopping birthdaybagels.exe
2016-05-31 15:17:00 - ProcessKill 9208
2016-05-31 15:17:00 - Finished birthdaybagels.exe
2016-05-31 15:18:01 - Starting C:\Program Files (x86)\nodejs\node.exe --harmony "C:\Users\oconnorjm\AppData\Roaming\npm\node_modules\qckwinsvc\node_modules\node-windows\lib\wrapper.js" -f "C:\birthdayBagels\app.js" -l "birthdayBagels" -g 0.25 -w 1 -r 3 -a n
2016-05-31 15:18:01 - Started 2292
2016-06-06 11:08:23 - Stopping birthdaybagels.exe
2016-06-06 11:08:23 - ProcessKill 2292
2016-06-06 11:08:23 - Finished birthdaybagels.exe
2016-06-06 11:09:24 - Starting C:\Program Files (x86)\nodejs\node.exe --harmony "C:\Users\oconnorjm\AppData\Roaming\npm\node_modules\qckwinsvc\node_modules\node-windows\lib\wrapper.js" -f "C:\birthdayBagels\app.js" -l "birthdayBagels" -g 0.25 -w 1 -r 3 -a n
2016-06-06 11:09:24 - Started 2280
2016-06-09 15:20:41 - Stopping birthdaybagels.exe
2016-06-09 15:20:41 - ProcessKill 2280
2016-06-09 15:20:41 - Finished birthdaybagels.exe
2016-06-09 15:21:47 - Starting C:\Program Files (x86)\nodejs\node.exe --harmony "C:\Users\oconnorjm\AppData\Roaming\npm\node_modules\qckwinsvc\node_modules\node-windows\lib\wrapper.js" -f "C:\birthdayBagels\app.js" -l "birthdayBagels" -g 0.25 -w 1 -r 3 -a n
2016-06-09 15:21:47 - Started 2240
2016-06-17 16:47:04 - Stopping birthdaybagels.exe
2016-06-17 16:47:04 - ProcessKill 2240
2016-06-17 16:47:04 - Finished birthdaybagels.exe
2016-06-17 16:48:03 - Starting C:\Program Files (x86)\nodejs\node.exe --harmony "C:\Users\oconnorjm\AppData\Roaming\npm\node_modules\qckwinsvc\node_modules\node-windows\lib\wrapper.js" -f "C:\birthdayBagels\app.js" -l "birthdayBagels" -g 0.25 -w 1 -r 3 -a n
2016-06-17 16:48:03 - Started 2276
2016-06-21 16:36:41 - Stopping birthdaybagels.exe
2016-06-21 16:36:41 - ProcessKill 2276
2016-06-21 16:36:41 - Finished birthdaybagels.exe
2016-06-21 16:37:43 - Starting C:\Program Files (x86)\nodejs\node.exe --harmony "C:\Users\oconnorjm\AppData\Roaming\npm\node_modules\qckwinsvc\node_modules\node-windows\lib\wrapper.js" -f "C:\birthdayBagels\app.js" -l "birthdayBagels" -g 0.25 -w 1 -r 3 -a n
2016-06-21 16:37:43 - Started 2240
2016-06-24 13:44:01 - Stopping birthdaybagels.exe
2016-06-24 13:44:01 - ProcessKill 2240
2016-06-24 13:44:01 - Finished birthdaybagels.exe
2016-06-24 13:45:02 - Starting C:\Program Files (x86)\nodejs\node.exe --harmony "C:\Users\oconnorjm\AppData\Roaming\npm\node_modules\qckwinsvc\node_modules\node-windows\lib\wrapper.js" -f "C:\birthdayBagels\app.js" -l "birthdayBagels" -g 0.25 -w 1 -r 3 -a n
2016-06-24 13:45:02 - Started 2292
2016-06-28 08:52:52 - Stopping birthdaybagels.exe
2016-06-28 08:52:52 - ProcessKill 2292
2016-06-28 08:52:52 - Finished birthdaybagels.exe
2016-06-28 08:53:57 - Starting C:\Program Files (x86)\nodejs\node.exe --harmony "C:\Users\oconnorjm\AppData\Roaming\npm\node_modules\qckwinsvc\node_modules\node-windows\lib\wrapper.js" -f "C:\birthdayBagels\app.js" -l "birthdayBagels" -g 0.25 -w 1 -r 3 -a n
2016-06-28 08:53:57 - Started 2300
2016-06-28 10:09:27 - Stopping birthdaybagels.exe
2016-06-28 10:09:27 - ProcessKill 2300
2016-06-28 10:09:27 - Finished birthdaybagels.exe
2016-06-28 10:10:27 - Starting C:\Program Files (x86)\nodejs\node.exe --harmony "C:\Users\oconnorjm\AppData\Roaming\npm\node_modules\qckwinsvc\node_modules\node-windows\lib\wrapper.js" -f "C:\birthdayBagels\app.js" -l "birthdayBagels" -g 0.25 -w 1 -r 3 -a n
2016-06-28 10:10:27 - Started 2332
2016-06-28 10:14:32 - Stopping birthdaybagels.exe
2016-06-28 10:14:32 - ProcessKill 2332
2016-06-28 10:14:32 - Finished birthdaybagels.exe
2016-06-28 10:15:32 - Starting C:\Program Files (x86)\nodejs\node.exe --harmony "C:\Users\oconnorjm\AppData\Roaming\npm\node_modules\qckwinsvc\node_modules\node-windows\lib\wrapper.js" -f "C:\birthdayBagels\app.js" -l "birthdayBagels" -g 0.25 -w 1 -r 3 -a n
2016-06-28 10:15:32 - Started 2484
2016-06-28 16:31:17 - Stopping birthdaybagels.exe
2016-06-28 16:31:17 - ProcessKill 2484
2016-06-28 16:31:17 - Finished birthdaybagels.exe
2016-06-28 16:32:23 - Starting C:\Program Files (x86)\nodejs\node.exe --harmony "C:\Users\oconnorjm\AppData\Roaming\npm\node_modules\qckwinsvc\node_modules\node-windows\lib\wrapper.js" -f "C:\birthdayBagels\app.js" -l "birthdayBagels" -g 0.25 -w 1 -r 3 -a n
2016-06-28 16:32:23 - Started 2412
2016-07-06 09:41:34 - Starting C:\Program Files (x86)\nodejs\node.exe --harmony "C:\Users\oconnorjm\AppData\Roaming\npm\node_modules\qckwinsvc\node_modules\node-windows\lib\wrapper.js" -f "C:\birthdayBagels\app.js" -l "birthdayBagels" -g 0.25 -w 1 -r 3 -a n
2016-07-06 09:41:34 - Started 2572
2016-07-07 09:50:33 - Stopping birthdaybagels.exe
2016-07-07 09:50:33 - ProcessKill 2572
2016-07-07 09:50:33 - Finished birthdaybagels.exe
2016-07-07 09:51:36 - Starting C:\Program Files (x86)\nodejs\node.exe --harmony "C:\Users\oconnorjm\AppData\Roaming\npm\node_modules\qckwinsvc\node_modules\node-windows\lib\wrapper.js" -f "C:\birthdayBagels\app.js" -l "birthdayBagels" -g 0.25 -w 1 -r 3 -a n
2016-07-07 09:51:36 - Started 2472
2016-07-07 11:02:37 - Stopping birthdaybagels.exe
2016-07-07 11:02:37 - ProcessKill 2472
2016-07-07 11:02:37 - Finished birthdaybagels.exe
2016-07-07 11:03:37 - Starting C:\Program Files (x86)\nodejs\node.exe --harmony "C:\Users\oconnorjm\AppData\Roaming\npm\node_modules\qckwinsvc\node_modules\node-windows\lib\wrapper.js" -f "C:\birthdayBagels\app.js" -l "birthdayBagels" -g 0.25 -w 1 -r 3 -a n
2016-07-07 11:03:37 - Started 2472
2016-07-14 09:51:18 - Stopping birthdaybagels.exe
2016-07-14 09:51:18 - ProcessKill 2472
2016-07-14 09:51:18 - Finished birthdaybagels.exe
2016-07-14 09:52:20 - Starting C:\Program Files (x86)\nodejs\node.exe --harmony "C:\Users\oconnorjm\AppData\Roaming\npm\node_modules\qckwinsvc\node_modules\node-windows\lib\wrapper.js" -f "C:\birthdayBagels\app.js" -l "birthdayBagels" -g 0.25 -w 1 -r 3 -a n
2016-07-14 09:52:20 - Started 2484
2016-07-20 16:52:07 - Stopping birthdaybagels.exe
2016-07-20 16:52:07 - ProcessKill 2484
2016-07-20 16:52:07 - Finished birthdaybagels.exe
2016-07-20 16:53:10 - Starting C:\Program Files (x86)\nodejs\node.exe --harmony "C:\Users\oconnorjm\AppData\Roaming\npm\node_modules\qckwinsvc\node_modules\node-windows\lib\wrapper.js" -f "C:\birthdayBagels\app.js" -l "birthdayBagels" -g 0.25 -w 1 -r 3 -a n
2016-07-20 16:53:10 - Started 2448
2016-07-27 08:55:05 - Starting C:\Program Files (x86)\nodejs\node.exe --harmony "C:\Users\oconnorjm\AppData\Roaming\npm\node_modules\qckwinsvc\node_modules\node-windows\lib\wrapper.js" -f "C:\birthdayBagels\app.js" -l "birthdayBagels" -g 0.25 -w 1 -r 3 -a n
2016-07-27 08:55:05 - Started 2484
2016-07-28 11:30:25 - Stopping birthdaybagels.exe
2016-07-28 11:30:25 - ProcessKill 2484
2016-07-28 11:30:25 - Finished birthdaybagels.exe
2016-07-28 11:31:26 - Starting C:\Program Files (x86)\nodejs\node.exe --harmony "C:\Users\oconnorjm\AppData\Roaming\npm\node_modules\qckwinsvc\node_modules\node-windows\lib\wrapper.js" -f "C:\birthdayBagels\app.js" -l "birthdayBagels" -g 0.25 -w 1 -r 3 -a n
2016-07-28 11:31:26 - Started 2484
2016-08-02 10:02:29 - Stopping birthdaybagels.exe
2016-08-02 10:02:29 - ProcessKill 2484
2016-08-02 10:02:29 - Finished birthdaybagels.exe
2016-08-02 10:03:31 - Starting C:\Program Files (x86)\nodejs\node.exe --harmony "C:\Users\oconnorjm\AppData\Roaming\npm\node_modules\qckwinsvc\node_modules\node-windows\lib\wrapper.js" -f "C:\birthdayBagels\app.js" -l "birthdayBagels" -g 0.25 -w 1 -r 3 -a n
2016-08-02 10:03:31 - Started 2472
2016-08-05 13:25:27 - Stopping birthdaybagels.exe
2016-08-05 13:25:27 - ProcessKill 2472
2016-08-05 13:25:27 - Finished birthdaybagels.exe
2016-08-05 13:26:30 - Starting C:\Program Files (x86)\nodejs\node.exe --harmony "C:\Users\oconnorjm\AppData\Roaming\npm\node_modules\qckwinsvc\node_modules\node-windows\lib\wrapper.js" -f "C:\birthdayBagels\app.js" -l "birthdayBagels" -g 0.25 -w 1 -r 3 -a n
2016-08-05 13:26:30 - Started 2488
2016-08-10 16:35:53 - Stopping birthdaybagels.exe
2016-08-10 16:35:53 - ProcessKill 2488
2016-08-10 16:35:53 - Finished birthdaybagels.exe
2016-08-10 16:36:56 - Starting C:\Program Files (x86)\nodejs\node.exe --harmony "C:\Users\oconnorjm\AppData\Roaming\npm\node_modules\qckwinsvc\node_modules\node-windows\lib\wrapper.js" -f "C:\birthdayBagels\app.js" -l "birthdayBagels" -g 0.25 -w 1 -r 3 -a n
2016-08-10 16:36:56 - Started 2484
2016-09-02 08:01:38 - Stopping birthdaybagels.exe
2016-09-02 08:01:38 - ProcessKill 2484
2016-09-02 08:01:38 - Finished birthdaybagels.exe
2016-09-02 08:02:44 - Starting C:\Program Files (x86)\nodejs\node.exe --harmony "C:\Users\oconnorjm\AppData\Roaming\npm\node_modules\qckwinsvc\node_modules\node-windows\lib\wrapper.js" -f "C:\birthdayBagels\app.js" -l "birthdayBagels" -g 0.25 -w 1 -r 3 -a n
2016-09-02 08:02:44 - Started 2472
2016-09-06 17:16:17 - Stopping birthdaybagels.exe
2016-09-06 17:16:17 - ProcessKill 2472
2016-09-06 17:16:17 - Finished birthdaybagels.exe
2016-09-06 17:17:21 - Starting C:\Program Files (x86)\nodejs\node.exe --harmony "C:\Users\oconnorjm\AppData\Roaming\npm\node_modules\qckwinsvc\node_modules\node-windows\lib\wrapper.js" -f "C:\birthdayBagels\app.js" -l "birthdayBagels" -g 0.25 -w 1 -r 3 -a n
2016-09-06 17:17:21 - Started 2568
